<?xml version="1.0" encoding="UTF-8"?>
<!-- Generated by org.testng.reporters.JUnitXMLReporter -->
<testsuite hostname="DESKTOP-CT1BVK4" ignored="0" name="Surefire test" tests="10" failures="0" timestamp="11 ene 2022 23:02:48 GMT" time="78.93" errors="0">
  <testcase name="clearAdvancedTest" time="2.46" classname="com.example.service.CalculateSimpleNGTest"/>
  <testcase name="clearSimpleTest" time="2.616" classname="com.example.service.CalculateSimpleNGTest"/>
  <testcase name="divideTest" time="2.609" classname="com.example.service.CalculateSimpleNGTest"/>
  <testcase name="factorialTest" time="2.447" classname="com.example.service.CalculateSimpleNGTest"/>
  <testcase name="fibonacciTest" time="2.457" classname="com.example.service.CalculateSimpleNGTest"/>
  <testcase name="multiplicacionTest" time="2.605" classname="com.example.service.CalculateSimpleNGTest"/>
  <testcase name="potenciaTest" time="2.443" classname="com.example.service.CalculateSimpleNGTest"/>
  <testcase name="restaTest" time="2.614" classname="com.example.service.CalculateSimpleNGTest"/>
  <testcase name="sqrtTest" time="2.41" classname="com.example.service.CalculateSimpleNGTest"/>
  <testcase name="sumaTest" time="2.625" classname="com.example.service.CalculateSimpleNGTest"/>
</testsuite> <!-- Surefire test -->
